<html><head><meta http-equiv="Content-Type" content="text/html; charset=utf-8"></head><body><PRE><PLAINTEXT>
Java version:   8
ClassLoader:    sun.misc.Launcher$AppClassLoader@764c12b6
Process ID:     8652
Driver version: package com.sap.db.jdbc, JDBC, version 4.2, SAP HANA JDBC Driver, SAP SE, 2.9.16-38a800d98fb18a51ecde14f570bbf28d81b66bbc

Trace configuration:
  Levels:                                       API,PACKET,CONNECTIONS,CLEANERS
  Show plain-text client-side encrypted values: Disabled
  Show timestamps:                              Disabled
  Show elapsed times:                           Disabled
  Trace file size:                              Unlimited 
  Stop on error:                                Disabled

Host properties:
  Host name:                        DESKTOP-U6AV0NE
  Canonical host name:              DESKTOP-U6AV0NE
  Host address:                     192.168.10.172

System properties:
  CONSOLE_LOG_CHARSET:              UTF-8
  CONSOLE_LOG_PATTERN:              %d{HH:mm:ss.SSS} %-6level %logger{72} - %msg%n
  FILE_LOG_CHARSET:                 UTF-8
  PID:                              8652
  awt.toolkit:                      sun.awt.windows.WToolkit
  catalina.base:                    C:\Users\User\AppData\Local\Temp\tomcat.8080.8190640761814415697
  catalina.home:                    C:\Users\User\AppData\Local\Temp\tomcat.8080.8190640761814415697
  catalina.useNaming:               false
  com.sun.management.jmxremote:     
  com.sun.management.jmxremote.authenticate: false
  com.sun.management.jmxremote.port: 54271
  com.sun.management.jmxremote.ssl: false
  file.encoding:                    UTF-8
  file.encoding.pkg:                sun.io
  file.separator:                   \
  java.awt.graphicsenv:             sun.awt.Win32GraphicsEnvironment
  java.awt.headless:                true
  java.awt.printerjob:              sun.awt.windows.WPrinterJob
  java.class.path:                  E:\Java\logger\spring-boot-logger\spring-boot-logger\spring-boot-logger\target\classes;C:\Users\User\.m2\repository\org\springframework\boot\spring-boot-starter-data-jpa\2.4.2\spring-boot-starter-data-jpa-2.4.2.jar;C:\Users\User\.m2\repository\org\springframework\boot\spring-boot-starter-aop\2.4.2\spring-boot-starter-aop-2.4.2.jar;C:\Users\User\.m2\repository\org\aspectj\aspectjweaver\1.9.6\aspectjweaver-1.9.6.jar;C:\Users\User\.m2\repository\org\springframework\boot\spring-boot-starter-jdbc\2.4.2\spring-boot-starter-jdbc-2.4.2.jar;C:\Users\User\.m2\repository\com\zaxxer\HikariCP\3.4.5\HikariCP-3.4.5.jar;C:\Users\User\.m2\repository\org\springframework\spring-jdbc\5.3.3\spring-jdbc-5.3.3.jar;C:\Users\User\.m2\repository\jakarta\transaction\jakarta.transaction-api\1.3.3\jakarta.transaction-api-1.3.3.jar;C:\Users\User\.m2\repository\jakarta\persistence\jakarta.persistence-api\2.2.3\jakarta.persistence-api-2.2.3.jar;C:\Users\User\.m2\repository\org\hibernate\hibernate-core\5.4.27.Final\hibernate-core-5.4.27.Final.jar;C:\Users\User\.m2\repository\org\jboss\logging\jboss-logging\3.4.1.Final\jboss-logging-3.4.1.Final.jar;C:\Users\User\.m2\repository\org\javassist\javassist\3.27.0-GA\javassist-3.27.0-GA.jar;C:\Users\User\.m2\repository\net\bytebuddy\byte-buddy\1.10.19\byte-buddy-1.10.19.jar;C:\Users\User\.m2\repository\antlr\antlr\2.7.7\antlr-2.7.7.jar;C:\Users\User\.m2\repository\org\jboss\jandex\2.1.3.Final\jandex-2.1.3.Final.jar;C:\Users\User\.m2\repository\org\dom4j\dom4j\2.1.3\dom4j-2.1.3.jar;C:\Users\User\.m2\repository\org\hibernate\common\hibernate-commons-annotations\5.1.2.Final\hibernate-commons-annotations-5.1.2.Final.jar;C:\Users\User\.m2\repository\org\glassfish\jaxb\jaxb-runtime\2.3.3\jaxb-runtime-2.3.3.jar;C:\Users\User\.m2\repository\org\glassfish\jaxb\txw2\2.3.3\txw2-2.3.3.jar;C:\Users\User\.m2\repository\com\sun\istack\istack-commons-runtime\3.0.11\istack-commons-runtime-3.0.11.jar;C:\Users\User\.m2\repository\com\sun\activation\jakarta.activation\1.2.2\jakarta.activation-1.2.2.jar;C:\Users\User\.m2\repository\org\springframework\data\spring-data-jpa\2.4.3\spring-data-jpa-2.4.3.jar;C:\Users\User\.m2\repository\org\springframework\data\spring-data-commons\2.4.3\spring-data-commons-2.4.3.jar;C:\Users\User\.m2\repository\org\springframework\spring-orm\5.3.3\spring-orm-5.3.3.jar;C:\Users\User\.m2\repository\org\springframework\spring-context\5.3.3\spring-context-5.3.3.jar;C:\Users\User\.m2\repository\org\springframework\spring-tx\5.3.3\spring-tx-5.3.3.jar;C:\Users\User\.m2\repository\org\springframework\spring-beans\5.3.3\spring-beans-5.3.3.jar;C:\Users\User\.m2\repository\org\springframework\spring-aspects\5.3.3\spring-aspects-5.3.3.jar;C:\Users\User\.m2\repository\com\sap\cloud\neo-java-web-api\3.49.11\neo-java-web-api-3.49.11.jar;C:\Users\User\.m2\repository\javax\servlet\jsp\javax.servlet.jsp-api\2.3.1\javax.servlet.jsp-api-2.3.1.jar;C:\Users\User\.m2\repository\javax\mail\javax.mail-api\1.6.2\javax.mail-api-1.6.2.jar;C:\Users\User\.m2\repository\org\apache\chemistry\opencmis\chemistry-opencmis-client-api\1.0.0\chemistry-opencmis-client-api-1.0.0.jar;C:\Users\User\.m2\repository\javax\websocket\javax.websocket-api\1.1\javax.websocket-api-1.1.jar;C:\Users\User\.m2\repository\javax\el\javax.el-api\3.0.0\javax.el-api-3.0.0.jar;C:\Users\User\.m2\repository\org\apache\chemistry\opencmis\chemistry-opencmis-commons-api\1.0.0\chemistry-opencmis-commons-api-1.0.0.jar;C:\Users\User\.m2\repository\org\glassfish\javax.annotation\3.1-b41\javax.annotation-3.1-b41.jar;C:\Users\User\.m2\repository\javax\servlet\javax.servlet-api\4.0.1\javax.servlet-api-4.0.1.jar;C:\Users\User\.m2\repository\org\slf4j\slf4j-api\1.7.30\slf4j-api-1.7.30.jar;C:\Users\User\.m2\repository\ch\qos\logback\logback-classic\1.2.3\logback-classic-1.2.3.jar;C:\Users\User\.m2\repository\ch\qos\logback\logback-core\1.2.3\logback-core-1.2.3.jar;C:\Users\User\.m2\repository\org\springframework\boot\spring-boot-starter-actuator\2.4.2\spring-boot-starter-actuator-2.4.2.jar;C:\Users\User\.m2\repository\org\springframework\boot\spring-boot-starter\2.4.2\spring-boot-starter-2.4.2.jar;C:\Users\User\.m2\repository\org\springframework\boot\spring-boot-starter-logging\2.4.2\spring-boot-starter-logging-2.4.2.jar;C:\Users\User\.m2\repository\org\apache\logging\log4j\log4j-to-slf4j\2.13.3\log4j-to-slf4j-2.13.3.jar;C:\Users\User\.m2\repository\org\apache\logging\log4j\log4j-api\2.13.3\log4j-api-2.13.3.jar;C:\Users\User\.m2\repository\org\slf4j\jul-to-slf4j\1.7.30\jul-to-slf4j-1.7.30.jar;C:\Users\User\.m2\repository\org\yaml\snakeyaml\1.27\snakeyaml-1.27.jar;C:\Users\User\.m2\repository\org\springframework\boot\spring-boot-actuator-autoconfigure\2.4.2\spring-boot-actuator-autoconfigure-2.4.2.jar;C:\Users\User\.m2\repository\org\springframework\boot\spring-boot-actuator\2.4.2\spring-boot-actuator-2.4.2.jar;C:\Users\User\.m2\repository\com\fasterxml\jackson\datatype\jackson-datatype-jsr310\2.11.4\jackson-datatype-jsr310-2.11.4.jar;C:\Users\User\.m2\repository\io\micrometer\micrometer-core\1.6.3\micrometer-core-1.6.3.jar;C:\Users\User\.m2\repository\org\hdrhistogram\HdrHistogram\2.1.12\HdrHistogram-2.1.12.jar;C:\Users\User\.m2\repository\org\latencyutils\LatencyUtils\2.0.3\LatencyUtils-2.0.3.jar;C:\Users\User\.m2\repository\org\springframework\boot\spring-boot-starter-hateoas\2.4.2\spring-boot-starter-hateoas-2.4.2.jar;C:\Users\User\.m2\repository\org\springframework\hateoas\spring-hateoas\1.2.3\spring-hateoas-1.2.3.jar;C:\Users\User\.m2\repository\org\springframework\boot\spring-boot-starter-web\2.4.2\spring-boot-starter-web-2.4.2.jar;C:\Users\User\.m2\repository\org\springframework\boot\spring-boot-starter-json\2.4.2\spring-boot-starter-json-2.4.2.jar;C:\Users\User\.m2\repository\com\fasterxml\jackson\datatype\jackson-datatype-jdk8\2.11.4\jackson-datatype-jdk8-2.11.4.jar;C:\Users\User\.m2\repository\com\fasterxml\jackson\module\jackson-module-parameter-names\2.11.4\jackson-module-parameter-names-2.11.4.jar;C:\Users\User\.m2\repository\org\springframework\spring-web\5.3.3\spring-web-5.3.3.jar;C:\Users\User\.m2\repository\org\springframework\spring-webmvc\5.3.3\spring-webmvc-5.3.3.jar;C:\Users\User\.m2\repository\org\springframework\spring-expression\5.3.3\spring-expression-5.3.3.jar;C:\Users\User\.m2\repository\org\springframework\boot\spring-boot-devtools\2.4.2\spring-boot-devtools-2.4.2.jar;C:\Users\User\.m2\repository\org\springframework\boot\spring-boot\2.4.2\spring-boot-2.4.2.jar;C:\Users\User\.m2\repository\org\springframework\boot\spring-boot-autoconfigure\2.4.2\spring-boot-autoconfigure-2.4.2.jar;C:\Users\User\.m2\repository\org\projectlombok\lombok\1.18.16\lombok-1.18.16.jar;C:\Users\User\.m2\repository\org\springframework\boot\spring-boot-starter-tomcat\2.4.2\spring-boot-starter-tomcat-2.4.2.jar;C:\Users\User\.m2\repository\jakarta\annotation\jakarta.annotation-api\1.3.5\jakarta.annotation-api-1.3.5.jar;C:\Users\User\.m2\repository\org\apache\tomcat\embed\tomcat-embed-core\9.0.41\tomcat-embed-core-9.0.41.jar;C:\Users\User\.m2\repository\org\glassfish\jakarta.el\3.0.3\jakarta.el-3.0.3.jar;C:\Users\User\.m2\repository\org\apache\tomcat\embed\tomcat-embed-websocket\9.0.41\tomcat-embed-websocket-9.0.41.jar;C:\Users\User\.m2\repository\com\jayway\jsonpath\json-path\2.4.0\json-path-2.4.0.jar;C:\Users\User\.m2\repository\net\minidev\json-smart\2.3\json-smart-2.3.jar;C:\Users\User\.m2\repository\net\minidev\accessors-smart\1.2\accessors-smart-1.2.jar;C:\Users\User\.m2\repository\org\ow2\asm\asm\5.0.4\asm-5.0.4.jar;C:\Users\User\.m2\repository\jakarta\xml\bind\jakarta.xml.bind-api\2.3.3\jakarta.xml.bind-api-2.3.3.jar;C:\Users\User\.m2\repository\jakarta\activation\jakarta.activation-api\1.2.2\jakarta.activation-api-1.2.2.jar;C:\Users\User\.m2\repository\org\springframework\spring-core\5.3.3\spring-core-5.3.3.jar;C:\Users\User\.m2\repository\org\springframework\spring-jcl\5.3.3\spring-jcl-5.3.3.jar;C:\Users\User\.m2\repository\com\sap\cloud\db\jdbc\ngdbc\2.9.16\ngdbc-2.9.16.jar;C:\Users\User\.m2\repository\org\modelmapper\modelmapper\2.3.9\modelmapper-2.3.9.jar;C:\Users\User\.m2\repository\org\springframework\boot\spring-boot-starter-validation\2.4.2\spring-boot-starter-validation-2.4.2.jar;C:\Users\User\.m2\repository\org\hibernate\validator\hibernate-validator\6.1.7.Final\hibernate-validator-6.1.7.Final.jar;C:\Users\User\.m2\repository\jakarta\validation\jakarta.validation-api\2.0.2\jakarta.validation-api-2.0.2.jar;C:\Users\User\.m2\repository\org\springframework\boot\spring-boot-starter-security\2.4.2\spring-boot-starter-security-2.4.2.jar;C:\Users\User\.m2\repository\org\springframework\spring-aop\5.3.3\spring-aop-5.3.3.jar;C:\Users\User\.m2\repository\org\springframework\security\spring-security-config\5.4.2\spring-security-config-5.4.2.jar;C:\Users\User\.m2\repository\org\springframework\security\spring-security-core\5.4.2\spring-security-core-5.4.2.jar;C:\Users\User\.m2\repository\org\springframework\security\spring-security-web\5.4.2\spring-security-web-5.4.2.jar;C:\Users\User\.m2\repository\io\jsonwebtoken\jjwt\0.9.1\jjwt-0.9.1.jar;C:\Users\User\.m2\repository\com\fasterxml\jackson\core\jackson-databind\2.11.4\jackson-databind-2.11.4.jar;C:\Users\User\.m2\repository\com\fasterxml\jackson\core\jackson-annotations\2.11.4\jackson-annotations-2.11.4.jar;C:\Users\User\.m2\repository\com\fasterxml\jackson\core\jackson-core\2.11.4\jackson-core-2.11.4.jar;C:\Users\User\.m2\repository\io\springfox\springfox-boot-starter\3.0.0\springfox-boot-starter-3.0.0.jar;C:\Users\User\.m2\repository\io\springfox\springfox-oas\3.0.0\springfox-oas-3.0.0.jar;C:\Users\User\.m2\repository\io\swagger\core\v3\swagger-annotations\2.1.2\swagger-annotations-2.1.2.jar;C:\Users\User\.m2\repository\io\swagger\core\v3\swagger-models\2.1.2\swagger-models-2.1.2.jar;C:\Users\User\.m2\repository\io\springfox\springfox-spi\3.0.0\springfox-spi-3.0.0.jar;C:\Users\User\.m2\repository\io\springfox\springfox-schema\3.0.0\springfox-schema-3.0.0.jar;C:\Users\User\.m2\repository\io\springfox\springfox-core\3.0.0\springfox-core-3.0.0.jar;C:\Users\User\.m2\repository\io\springfox\springfox-spring-web\3.0.0\springfox-spring-web-3.0.0.jar;C:\Users\User\.m2\repository\io\github\classgraph\classgraph\4.8.83\classgraph-4.8.83.jar;C:\Users\User\.m2\repository\io\springfox\springfox-spring-webmvc\3.0.0\springfox-spring-webmvc-3.0.0.jar;C:\Users\User\.m2\repository\io\springfox\springfox-spring-webflux\3.0.0\springfox-spring-webflux-3.0.0.jar;C:\Users\User\.m2\repository\io\springfox\springfox-swagger-common\3.0.0\springfox-swagger-common-3.0.0.jar;C:\Users\User\.m2\repository\org\mapstruct\mapstruct\1.3.1.Final\mapstruct-1.3.1.Final.jar;C:\Users\User\.m2\repository\io\springfox\springfox-data-rest\3.0.0\springfox-data-rest-3.0.0.jar;C:\Users\User\.m2\repository\io\springfox\springfox-bean-validators\3.0.0\springfox-bean-validators-3.0.0.jar;C:\Users\User\.m2\repository\io\springfox\springfox-swagger2\3.0.0\springfox-swagger2-3.0.0.jar;C:\Users\User\.m2\repository\io\swagger\swagger-annotations\1.5.20\swagger-annotations-1.5.20.jar;C:\Users\User\.m2\repository\io\swagger\swagger-models\1.5.20\swagger-models-1.5.20.jar;C:\Users\User\.m2\repository\io\springfox\springfox-swagger-ui\3.0.0\springfox-swagger-ui-3.0.0.jar;C:\Users\User\.m2\repository\com\fasterxml\classmate\1.5.1\classmate-1.5.1.jar;C:\Users\User\.m2\repository\org\springframework\plugin\spring-plugin-core\2.0.0.RELEASE\spring-plugin-core-2.0.0.RELEASE.jar;C:\Users\User\.m2\repository\org\springframework\plugin\spring-plugin-metadata\2.0.0.RELEASE\spring-plugin-metadata-2.0.0.RELEASE.jar
  java.class.version:               52.0
  java.endorsed.dirs:               C:\Program Files\Java\jdk1.8.0_321\jre\lib\endorsed
  java.ext.dirs:                    C:\Program Files\Java\jdk1.8.0_321\jre\lib\ext;C:\WINDOWS\Sun\Java\lib\ext
  java.home:                        C:\Program Files\Java\jdk1.8.0_321\jre
  java.io.tmpdir:                   C:\Users\User\AppData\Local\Temp\
  java.library.path:                C:\Program Files\Java\jdk1.8.0_321\bin;C:\WINDOWS\Sun\Java\bin;C:\WINDOWS\system32;C:\WINDOWS;C:/Program Files/Java/jdk-17.0.2/bin/server;C:/Program Files/Java/jdk-17.0.2/bin;C:\Program Files\Java\jdk1.8.0_321\bin;C:\apache-maven-3.8.4\bin;C:\Program Files\Common Files\Oracle\Java\javapath;C:\Program Files\SAP\hdbclient;C:\Program Files (x86)\Common Files\Oracle\Java\javapath;C:\WINDOWS\system32;C:\WINDOWS;C:\WINDOWS\System32\Wbem;C:\WINDOWS\System32\WindowsPowerShell\v1.0\;C:\WINDOWS\System32\OpenSSH\;C:\Program Files\Git\cmd;C:\Program Files\nodejs\;C:\Program Files\Cloud Foundry;C:\Users\User\AppData\Local\Microsoft\WindowsApps;;C:\Users\User\AppData\Local\Programs\Microsoft VS Code Insiders\bin;C:\Users\User\AppData\Local\Programs\Microsoft VS Code\bin;C:\Users\User\AppData\Roaming\npm;C:\WINDOWS\system32;;.
  java.rmi.server.hostname:         localhost
  java.rmi.server.randomIDs:        true
  java.runtime.name:                Java(TM) SE Runtime Environment
  java.runtime.version:             1.8.0_321-b07
  java.specification.name:          Java Platform API Specification
  java.specification.vendor:        Oracle Corporation
  java.specification.version:       1.8
  java.vendor:                      Oracle Corporation
  java.vendor.url:                  http://java.oracle.com/
  java.vendor.url.bug:              http://bugreport.sun.com/bugreport/
  java.version:                     1.8.0_321
  java.vm.info:                     mixed mode
  java.vm.name:                     Java HotSpot(TM) 64-Bit Server VM
  java.vm.specification.name:       Java Virtual Machine Specification
  java.vm.specification.vendor:     Oracle Corporation
  java.vm.specification.version:    1.8
  java.vm.vendor:                   Oracle Corporation
  java.vm.version:                  25.321-b07
  line.separator:                   \r\n
  os.arch:                          amd64
  os.name:                          Windows 10
  os.version:                       10.0
  path.separator:                   ;
  spring.application.admin.enabled: true
  spring.beaninfo.ignore:           true
  spring.boot.project.name:         spring-boot-logger
  spring.jmx.enabled:               true
  sun.arch.data.model:              64
  sun.boot.class.path:              C:\Program Files\Java\jdk1.8.0_321\jre\lib\resources.jar;C:\Program Files\Java\jdk1.8.0_321\jre\lib\rt.jar;C:\Program Files\Java\jdk1.8.0_321\jre\lib\sunrsasign.jar;C:\Program Files\Java\jdk1.8.0_321\jre\lib\jsse.jar;C:\Program Files\Java\jdk1.8.0_321\jre\lib\jce.jar;C:\Program Files\Java\jdk1.8.0_321\jre\lib\charsets.jar;C:\Program Files\Java\jdk1.8.0_321\jre\lib\jfr.jar;C:\Program Files\Java\jdk1.8.0_321\jre\classes
  sun.boot.library.path:            C:\Program Files\Java\jdk1.8.0_321\jre\bin
  sun.cpu.endian:                   little
  sun.cpu.isalist:                  amd64
  sun.desktop:                      windows
  sun.io.unicode.encoding:          UnicodeLittle
  sun.java.command:                 com.imirisola.spring.logger.LoggerApp
  sun.java.launcher:                SUN_STANDARD
  sun.jnu.encoding:                 Cp1252
  sun.management.compiler:          HotSpot 64-Bit Tiered Compilers
  sun.os.patch.level:               
  user.country:                     US
  user.dir:                         E:\Java\logger\spring-boot-logger\spring-boot-logger\spring-boot-logger
  user.home:                        C:\Users\User
  user.language:                    en
  user.name:                        User
  user.script:                      
  user.timezone:                    Africa/Cairo
  user.variant:                     

---- Thread 413fd515 restartedMain
com.sap.db.jdbc.Driver@709ff081.acceptsURL("jdbc:sap://localhost:30015/saudihanadbv2.ENTIFAADBV1?useSSL=false")
=> true
com.sap.db.jdbc.Driver@709ff081.connect("jdbc:sap://localhost:30015/saudihanadbv2.ENTIFAADBV1?useSSL=false", {password=***, user=system})
Connection opening: com.sap.db.jdbc.HanaConnectionFinalize@654ed98a
  Properties:         {password=***, user=system}
  PreferredAddresses: [localhost:30015]
  ResolvedAddresses:  [localhost:30015]
Session opening: com.sap.db.jdbc.BasicChannelSession@6c936d85 HanaConnectionFinalize@654ed98a localhost:30015
<Packet InfoRequest>
  [ff ff ff ff 04 00 14 04 00 01 00 01 01 01]
</Packet>
